Compiled jquery.js  (2ms)  (pid 36930)
Compiled jquery_ujs.js  (0ms)  (pid 36930)
Compiled twitter/bootstrap/bootstrap-transition.js  (0ms)  (pid 36930)
Compiled twitter/bootstrap/bootstrap-alert.js  (0ms)  (pid 36930)
Compiled twitter/bootstrap/bootstrap-modal.js  (0ms)  (pid 36930)
Compiled twitter/bootstrap/bootstrap-dropdown.js  (0ms)  (pid 36930)
Compiled twitter/bootstrap/bootstrap-scrollspy.js  (0ms)  (pid 36930)
Compiled twitter/bootstrap/bootstrap-tab.js  (0ms)  (pid 36930)
Compiled twitter/bootstrap/bootstrap-tooltip.js  (0ms)  (pid 36930)
Compiled twitter/bootstrap/bootstrap-popover.js  (0ms)  (pid 36930)
Compiled twitter/bootstrap/bootstrap-button.js  (1ms)  (pid 36930)
Compiled twitter/bootstrap/bootstrap-collapse.js  (0ms)  (pid 36930)
Compiled twitter/bootstrap/bootstrap-carousel.js  (0ms)  (pid 36930)
Compiled twitter/bootstrap/bootstrap-typeahead.js  (0ms)  (pid 36930)
Compiled twitter/bootstrap/bootstrap-affix.js  (0ms)  (pid 36930)
Compiled twitter/bootstrap.js  (273ms)  (pid 36930)
Compiled bootstrap.js  (179ms)  (pid 36930)
Compiled pages.js  (107ms)  (pid 36930)
Compiled application.js  (640ms)  (pid 36930)
Compiled twitter-bootstrap-static/bootstrap.css  (54ms)  (pid 36930)
Compiled twitter-bootstrap-static/fontawesome.css  (96ms)  (pid 36930)
Compiled bootstrap_and_overrides.css  (174ms)  (pid 36930)
Compiled pages.css  (16ms)  (pid 36930)
Compiled scaffolds.css  (1ms)  (pid 36930)
Compiled application.css  (232ms)  (pid 36930)
Compiled jquery.js  (2ms)  (pid 36930)
Compiled jquery_ujs.js  (0ms)  (pid 36930)
Compiled twitter/bootstrap/bootstrap-transition.js  (0ms)  (pid 36930)
Compiled twitter/bootstrap/bootstrap-alert.js  (0ms)  (pid 36930)
Compiled twitter/bootstrap/bootstrap-modal.js  (0ms)  (pid 36930)
Compiled twitter/bootstrap/bootstrap-dropdown.js  (0ms)  (pid 36930)
Compiled twitter/bootstrap/bootstrap-scrollspy.js  (0ms)  (pid 36930)
Compiled twitter/bootstrap/bootstrap-tab.js  (0ms)  (pid 36930)
Compiled twitter/bootstrap/bootstrap-tooltip.js  (0ms)  (pid 36930)
Compiled twitter/bootstrap/bootstrap-popover.js  (0ms)  (pid 36930)
Compiled twitter/bootstrap/bootstrap-button.js  (0ms)  (pid 36930)
Compiled twitter/bootstrap/bootstrap-collapse.js  (0ms)  (pid 36930)
Compiled twitter/bootstrap/bootstrap-carousel.js  (0ms)  (pid 36930)
Compiled twitter/bootstrap/bootstrap-typeahead.js  (0ms)  (pid 36930)
Compiled twitter/bootstrap/bootstrap-affix.js  (0ms)  (pid 36930)
Compiled twitter/bootstrap.js  (289ms)  (pid 36930)
Compiled bootstrap.js  (140ms)  (pid 36930)
Compiled pages.js  (102ms)  (pid 36930)
Compiled application.js  (688ms)  (pid 36930)
Compiled twitter-bootstrap-static/bootstrap.css  (63ms)  (pid 36930)
Compiled twitter-bootstrap-static/fontawesome.css  (66ms)  (pid 36930)
Compiled bootstrap_and_overrides.css  (150ms)  (pid 36930)
Compiled pages.css  (10ms)  (pid 36930)
Compiled scaffolds.css  (2ms)  (pid 36930)
Compiled application.css  (187ms)  (pid 36930)
Compiled jquery.js  (2ms)  (pid 13238)
Compiled jquery_ujs.js  (0ms)  (pid 13238)
Compiled twitter/bootstrap/bootstrap-transition.js  (0ms)  (pid 13238)
Compiled twitter/bootstrap/bootstrap-alert.js  (0ms)  (pid 13238)
Compiled twitter/bootstrap/bootstrap-modal.js  (0ms)  (pid 13238)
Compiled twitter/bootstrap/bootstrap-dropdown.js  (0ms)  (pid 13238)
Compiled twitter/bootstrap/bootstrap-scrollspy.js  (0ms)  (pid 13238)
Compiled twitter/bootstrap/bootstrap-tab.js  (0ms)  (pid 13238)
Compiled twitter/bootstrap/bootstrap-tooltip.js  (0ms)  (pid 13238)
Compiled twitter/bootstrap/bootstrap-popover.js  (0ms)  (pid 13238)
Compiled twitter/bootstrap/bootstrap-button.js  (0ms)  (pid 13238)
Compiled twitter/bootstrap/bootstrap-collapse.js  (0ms)  (pid 13238)
Compiled twitter/bootstrap/bootstrap-carousel.js  (0ms)  (pid 13238)
Compiled twitter/bootstrap/bootstrap-typeahead.js  (0ms)  (pid 13238)
Compiled twitter/bootstrap/bootstrap-affix.js  (0ms)  (pid 13238)
Compiled twitter/bootstrap.js  (189ms)  (pid 13238)
Compiled bootstrap.js  (115ms)  (pid 13238)
Compiled pages.js  (0ms)  (pid 13238)
Compiled application.js  (389ms)  (pid 13238)
Compiled jquery.js  (2ms)  (pid 13265)
Compiled jquery_ujs.js  (0ms)  (pid 13265)
Compiled twitter/bootstrap/bootstrap-transition.js  (0ms)  (pid 13265)
Compiled twitter/bootstrap/bootstrap-alert.js  (0ms)  (pid 13265)
Compiled twitter/bootstrap/bootstrap-modal.js  (0ms)  (pid 13265)
Compiled twitter/bootstrap/bootstrap-dropdown.js  (0ms)  (pid 13265)
Compiled twitter/bootstrap/bootstrap-scrollspy.js  (0ms)  (pid 13265)
Compiled twitter/bootstrap/bootstrap-tab.js  (0ms)  (pid 13265)
Compiled twitter/bootstrap/bootstrap-tooltip.js  (0ms)  (pid 13265)
Compiled twitter/bootstrap/bootstrap-popover.js  (0ms)  (pid 13265)
Compiled twitter/bootstrap/bootstrap-button.js  (0ms)  (pid 13265)
Compiled twitter/bootstrap/bootstrap-collapse.js  (0ms)  (pid 13265)
Compiled twitter/bootstrap/bootstrap-carousel.js  (0ms)  (pid 13265)
Compiled twitter/bootstrap/bootstrap-typeahead.js  (0ms)  (pid 13265)
Compiled twitter/bootstrap/bootstrap-affix.js  (0ms)  (pid 13265)
Compiled twitter/bootstrap.js  (254ms)  (pid 13265)
Compiled bootstrap.js  (157ms)  (pid 13265)
Compiled pages.js  (0ms)  (pid 13265)
Compiled application.js  (472ms)  (pid 13265)
Compiled twitter-bootstrap-static/bootstrap.css  (57ms)  (pid 13265)
Compiled twitter-bootstrap-static/fontawesome.css  (59ms)  (pid 13265)
Compiled bootstrap_and_overrides.css  (184ms)  (pid 13265)
Compiled pages.css  (11ms)  (pid 13265)
Compiled scaffolds.css  (1ms)  (pid 13265)
Compiled application.css  (214ms)  (pid 13265)
Compiled ace/ace.js  (3ms)  (pid 13265)
Compiled ace/mode-markdown.js  (0ms)  (pid 13265)
Compiled ace/theme-github.js  (0ms)  (pid 13265)
Compiled ace/theme-textmate.js  (0ms)  (pid 13265)
Compiled ace/worker-javascript.js  (1ms)  (pid 13265)
Compiled aced-rails.js  (131ms)  (pid 13265)
Compiled jquery.js  (2ms)  (pid 13265)
Compiled jquery_ujs.js  (0ms)  (pid 13265)
Compiled twitter/bootstrap/bootstrap-transition.js  (0ms)  (pid 13265)
Compiled twitter/bootstrap/bootstrap-alert.js  (0ms)  (pid 13265)
Compiled twitter/bootstrap/bootstrap-modal.js  (0ms)  (pid 13265)
Compiled twitter/bootstrap/bootstrap-dropdown.js  (0ms)  (pid 13265)
Compiled twitter/bootstrap/bootstrap-scrollspy.js  (0ms)  (pid 13265)
Compiled twitter/bootstrap/bootstrap-tab.js  (0ms)  (pid 13265)
Compiled twitter/bootstrap/bootstrap-tooltip.js  (0ms)  (pid 13265)
Compiled twitter/bootstrap/bootstrap-popover.js  (0ms)  (pid 13265)
Compiled twitter/bootstrap/bootstrap-button.js  (0ms)  (pid 13265)
Compiled twitter/bootstrap/bootstrap-collapse.js  (2ms)  (pid 13265)
Compiled twitter/bootstrap/bootstrap-carousel.js  (0ms)  (pid 13265)
Compiled twitter/bootstrap/bootstrap-typeahead.js  (0ms)  (pid 13265)
Compiled twitter/bootstrap/bootstrap-affix.js  (0ms)  (pid 13265)
Compiled twitter/bootstrap.js  (247ms)  (pid 13265)
Compiled bootstrap.js  (114ms)  (pid 13265)
Compiled pages.js  (0ms)  (pid 13265)
Compiled application.js  (464ms)  (pid 13265)
Compiled twitter-bootstrap-static/bootstrap.css  (53ms)  (pid 13265)
Compiled twitter-bootstrap-static/fontawesome.css  (5ms)  (pid 13265)
Compiled bootstrap_and_overrides.css  (109ms)  (pid 13265)
Compiled pages.css  (10ms)  (pid 13265)
Compiled scaffolds.css  (1ms)  (pid 13265)
Compiled application.css  (139ms)  (pid 13265)
Compiled ace/ace.js  (3ms)  (pid 13265)
Compiled ace/mode-markdown.js  (1ms)  (pid 13265)
Compiled ace/theme-github.js  (0ms)  (pid 13265)
Compiled ace/theme-textmate.js  (0ms)  (pid 13265)
Compiled ace/worker-javascript.js  (1ms)  (pid 13265)
Compiled aced-rails.js  (120ms)  (pid 13265)
Compiled jquery.js  (2ms)  (pid 13356)
Compiled jquery_ujs.js  (0ms)  (pid 13356)
Compiled twitter/bootstrap/bootstrap-transition.js  (0ms)  (pid 13356)
Compiled twitter/bootstrap/bootstrap-alert.js  (0ms)  (pid 13356)
Compiled twitter/bootstrap/bootstrap-modal.js  (0ms)  (pid 13356)
Compiled twitter/bootstrap/bootstrap-dropdown.js  (0ms)  (pid 13356)
Compiled twitter/bootstrap/bootstrap-scrollspy.js  (0ms)  (pid 13356)
Compiled twitter/bootstrap/bootstrap-tab.js  (0ms)  (pid 13356)
Compiled twitter/bootstrap/bootstrap-tooltip.js  (0ms)  (pid 13356)
Compiled twitter/bootstrap/bootstrap-popover.js  (0ms)  (pid 13356)
Compiled twitter/bootstrap/bootstrap-button.js  (0ms)  (pid 13356)
Compiled twitter/bootstrap/bootstrap-collapse.js  (1ms)  (pid 13356)
Compiled twitter/bootstrap/bootstrap-carousel.js  (0ms)  (pid 13356)
Compiled twitter/bootstrap/bootstrap-typeahead.js  (0ms)  (pid 13356)
Compiled twitter/bootstrap/bootstrap-affix.js  (0ms)  (pid 13356)
Compiled twitter/bootstrap.js  (302ms)  (pid 13356)
Compiled bootstrap.js  (182ms)  (pid 13356)
Compiled pages.js  (0ms)  (pid 13356)
Compiled application.js  (549ms)  (pid 13356)
Compiled twitter-bootstrap-static/bootstrap.css  (52ms)  (pid 13356)
Compiled twitter-bootstrap-static/fontawesome.css  (38ms)  (pid 13356)
Compiled bootstrap_and_overrides.css  (138ms)  (pid 13356)
Compiled pages.css  (8ms)  (pid 13356)
Compiled scaffolds.css  (1ms)  (pid 13356)
Compiled application.css  (165ms)  (pid 13356)
Compiled ace/ace.js  (6ms)  (pid 13356)
Compiled ace/mode-markdown.js  (0ms)  (pid 13356)
Compiled ace/theme-github.js  (0ms)  (pid 13356)
Compiled ace/theme-textmate.js  (0ms)  (pid 13356)
Compiled ace/worker-javascript.js  (1ms)  (pid 13356)
Compiled aced-rails.js  (142ms)  (pid 13356)
Compiled jquery.js  (2ms)  (pid 13356)
Compiled jquery_ujs.js  (0ms)  (pid 13356)
Compiled twitter/bootstrap/bootstrap-transition.js  (0ms)  (pid 13356)
Compiled twitter/bootstrap/bootstrap-alert.js  (0ms)  (pid 13356)
Compiled twitter/bootstrap/bootstrap-modal.js  (0ms)  (pid 13356)
Compiled twitter/bootstrap/bootstrap-dropdown.js  (0ms)  (pid 13356)
Compiled twitter/bootstrap/bootstrap-scrollspy.js  (0ms)  (pid 13356)
Compiled twitter/bootstrap/bootstrap-tab.js  (0ms)  (pid 13356)
Compiled twitter/bootstrap/bootstrap-tooltip.js  (0ms)  (pid 13356)
Compiled twitter/bootstrap/bootstrap-popover.js  (0ms)  (pid 13356)
Compiled twitter/bootstrap/bootstrap-button.js  (0ms)  (pid 13356)
Compiled twitter/bootstrap/bootstrap-collapse.js  (0ms)  (pid 13356)
Compiled twitter/bootstrap/bootstrap-carousel.js  (0ms)  (pid 13356)
Compiled twitter/bootstrap/bootstrap-typeahead.js  (0ms)  (pid 13356)
Compiled twitter/bootstrap/bootstrap-affix.js  (0ms)  (pid 13356)
Compiled twitter/bootstrap.js  (546ms)  (pid 13356)
Compiled bootstrap.js  (94ms)  (pid 13356)
Compiled pages.js  (0ms)  (pid 13356)
Compiled application.js  (718ms)  (pid 13356)
Compiled twitter-bootstrap-static/bootstrap.css  (52ms)  (pid 13356)
Compiled twitter-bootstrap-static/fontawesome.css  (5ms)  (pid 13356)
Compiled bootstrap_and_overrides.css  (102ms)  (pid 13356)
Compiled pages.css  (7ms)  (pid 13356)
Compiled scaffolds.css  (1ms)  (pid 13356)
Compiled application.css  (127ms)  (pid 13356)
Compiled ace/ace.js  (53ms)  (pid 13356)
Compiled ace/mode-markdown.js  (1ms)  (pid 13356)
Compiled ace/theme-github.js  (0ms)  (pid 13356)
Compiled ace/theme-textmate.js  (3ms)  (pid 13356)
Compiled ace/worker-javascript.js  (1ms)  (pid 13356)
Compiled aced-rails.js  (123ms)  (pid 13356)
Compiled jquery.js  (2ms)  (pid 13617)
Compiled jquery_ujs.js  (0ms)  (pid 13617)
Compiled twitter/bootstrap/bootstrap-transition.js  (0ms)  (pid 13617)
Compiled twitter/bootstrap/bootstrap-alert.js  (0ms)  (pid 13617)
Compiled twitter/bootstrap/bootstrap-modal.js  (0ms)  (pid 13617)
Compiled twitter/bootstrap/bootstrap-dropdown.js  (0ms)  (pid 13617)
Compiled twitter/bootstrap/bootstrap-scrollspy.js  (0ms)  (pid 13617)
Compiled twitter/bootstrap/bootstrap-tab.js  (0ms)  (pid 13617)
Compiled twitter/bootstrap/bootstrap-tooltip.js  (0ms)  (pid 13617)
Compiled twitter/bootstrap/bootstrap-popover.js  (0ms)  (pid 13617)
Compiled twitter/bootstrap/bootstrap-button.js  (0ms)  (pid 13617)
Compiled twitter/bootstrap/bootstrap-collapse.js  (0ms)  (pid 13617)
Compiled twitter/bootstrap/bootstrap-carousel.js  (0ms)  (pid 13617)
Compiled twitter/bootstrap/bootstrap-typeahead.js  (0ms)  (pid 13617)
Compiled twitter/bootstrap/bootstrap-affix.js  (0ms)  (pid 13617)
Compiled twitter/bootstrap.js  (280ms)  (pid 13617)
Compiled bootstrap.js  (139ms)  (pid 13617)
Compiled pages.js  (0ms)  (pid 13617)
Compiled application.js  (485ms)  (pid 13617)
Compiled twitter-bootstrap-static/bootstrap.css  (55ms)  (pid 13617)
Compiled twitter-bootstrap-static/fontawesome.css  (134ms)  (pid 13617)
Compiled bootstrap_and_overrides.css  (280ms)  (pid 13617)
Compiled pages.css  (13ms)  (pid 13617)
Compiled scaffolds.css  (2ms)  (pid 13617)
Compiled application.css  (318ms)  (pid 13617)
Compiled ace/ace.js  (4ms)  (pid 13617)
Compiled ace/mode-markdown.js  (0ms)  (pid 13617)
Compiled ace/theme-github.js  (0ms)  (pid 13617)
Compiled ace/theme-textmate.js  (0ms)  (pid 13617)
Compiled ace/worker-javascript.js  (1ms)  (pid 13617)
Compiled aced-rails.js  (127ms)  (pid 13617)
Compiled jquery.js  (2ms)  (pid 13617)
Compiled jquery_ujs.js  (0ms)  (pid 13617)
Compiled twitter/bootstrap/bootstrap-transition.js  (0ms)  (pid 13617)
Compiled twitter/bootstrap/bootstrap-alert.js  (0ms)  (pid 13617)
Compiled twitter/bootstrap/bootstrap-modal.js  (0ms)  (pid 13617)
Compiled twitter/bootstrap/bootstrap-dropdown.js  (0ms)  (pid 13617)
Compiled twitter/bootstrap/bootstrap-scrollspy.js  (0ms)  (pid 13617)
Compiled twitter/bootstrap/bootstrap-tab.js  (0ms)  (pid 13617)
Compiled twitter/bootstrap/bootstrap-tooltip.js  (0ms)  (pid 13617)
Compiled twitter/bootstrap/bootstrap-popover.js  (0ms)  (pid 13617)
Compiled twitter/bootstrap/bootstrap-button.js  (0ms)  (pid 13617)
Compiled twitter/bootstrap/bootstrap-collapse.js  (0ms)  (pid 13617)
Compiled twitter/bootstrap/bootstrap-carousel.js  (0ms)  (pid 13617)
Compiled twitter/bootstrap/bootstrap-typeahead.js  (0ms)  (pid 13617)
Compiled twitter/bootstrap/bootstrap-affix.js  (0ms)  (pid 13617)
Compiled twitter/bootstrap.js  (235ms)  (pid 13617)
Compiled bootstrap.js  (110ms)  (pid 13617)
Compiled pages.js  (0ms)  (pid 13617)
Compiled application.js  (446ms)  (pid 13617)
Compiled twitter-bootstrap-static/bootstrap.css  (57ms)  (pid 13617)
Compiled twitter-bootstrap-static/fontawesome.css  (7ms)  (pid 13617)
Compiled bootstrap_and_overrides.css  (109ms)  (pid 13617)
Compiled pages.css  (10ms)  (pid 13617)
Compiled scaffolds.css  (1ms)  (pid 13617)
Compiled application.css  (138ms)  (pid 13617)
Compiled ace/ace.js  (7ms)  (pid 13617)
Compiled ace/mode-markdown.js  (1ms)  (pid 13617)
Compiled ace/theme-github.js  (1ms)  (pid 13617)
Compiled ace/theme-textmate.js  (0ms)  (pid 13617)
Compiled ace/worker-javascript.js  (23ms)  (pid 13617)
Compiled aced-rails.js  (196ms)  (pid 13617)
Compiled jquery.js  (2ms)  (pid 26178)
Compiled jquery_ujs.js  (0ms)  (pid 26178)
Compiled twitter/bootstrap/bootstrap-transition.js  (0ms)  (pid 26178)
Compiled twitter/bootstrap/bootstrap-alert.js  (0ms)  (pid 26178)
Compiled twitter/bootstrap/bootstrap-modal.js  (0ms)  (pid 26178)
Compiled twitter/bootstrap/bootstrap-dropdown.js  (0ms)  (pid 26178)
Compiled twitter/bootstrap/bootstrap-scrollspy.js  (0ms)  (pid 26178)
Compiled twitter/bootstrap/bootstrap-tab.js  (0ms)  (pid 26178)
Compiled twitter/bootstrap/bootstrap-tooltip.js  (0ms)  (pid 26178)
Compiled twitter/bootstrap/bootstrap-popover.js  (0ms)  (pid 26178)
Compiled twitter/bootstrap/bootstrap-button.js  (0ms)  (pid 26178)
Compiled twitter/bootstrap/bootstrap-collapse.js  (0ms)  (pid 26178)
Compiled twitter/bootstrap/bootstrap-carousel.js  (0ms)  (pid 26178)
Compiled twitter/bootstrap/bootstrap-typeahead.js  (0ms)  (pid 26178)
Compiled twitter/bootstrap/bootstrap-affix.js  (0ms)  (pid 26178)
Compiled twitter/bootstrap.js  (174ms)  (pid 26178)
Compiled bootstrap.js  (137ms)  (pid 26178)
Compiled pages.js  (0ms)  (pid 26178)
Compiled application.js  (354ms)  (pid 26178)
Compiled twitter-bootstrap-static/bootstrap.css  (52ms)  (pid 26178)
Compiled twitter-bootstrap-static/fontawesome.css  (97ms)  (pid 26178)
Compiled bootstrap_and_overrides.css  (166ms)  (pid 26178)
Compiled pages.css  (9ms)  (pid 26178)
Compiled scaffolds.css  (1ms)  (pid 26178)
Compiled application.css  (196ms)  (pid 26178)
Compiled ace/ace.js  (3ms)  (pid 26178)
Compiled ace/mode-markdown.js  (1ms)  (pid 26178)
Compiled ace/theme-dawn.js  (0ms)  (pid 26178)
Compiled ace/theme-textmate.js  (0ms)  (pid 26178)
Compiled ace/worker-javascript.js  (1ms)  (pid 26178)
Compiled aced-rails.js  (123ms)  (pid 26178)
Compiled jquery.js  (2ms)  (pid 26178)
Compiled jquery_ujs.js  (0ms)  (pid 26178)
Compiled twitter/bootstrap/bootstrap-transition.js  (0ms)  (pid 26178)
Compiled twitter/bootstrap/bootstrap-alert.js  (0ms)  (pid 26178)
Compiled twitter/bootstrap/bootstrap-modal.js  (0ms)  (pid 26178)
Compiled twitter/bootstrap/bootstrap-dropdown.js  (0ms)  (pid 26178)
Compiled twitter/bootstrap/bootstrap-scrollspy.js  (0ms)  (pid 26178)
Compiled twitter/bootstrap/bootstrap-tab.js  (0ms)  (pid 26178)
Compiled twitter/bootstrap/bootstrap-tooltip.js  (0ms)  (pid 26178)
Compiled twitter/bootstrap/bootstrap-popover.js  (0ms)  (pid 26178)
Compiled twitter/bootstrap/bootstrap-button.js  (0ms)  (pid 26178)
Compiled twitter/bootstrap/bootstrap-collapse.js  (0ms)  (pid 26178)
Compiled twitter/bootstrap/bootstrap-carousel.js  (0ms)  (pid 26178)
Compiled twitter/bootstrap/bootstrap-typeahead.js  (0ms)  (pid 26178)
Compiled twitter/bootstrap/bootstrap-affix.js  (0ms)  (pid 26178)
Compiled twitter/bootstrap.js  (189ms)  (pid 26178)
Compiled bootstrap.js  (130ms)  (pid 26178)
Compiled pages.js  (0ms)  (pid 26178)
Compiled application.js  (394ms)  (pid 26178)
Compiled twitter-bootstrap-static/bootstrap.css  (52ms)  (pid 26178)
Compiled twitter-bootstrap-static/fontawesome.css  (63ms)  (pid 26178)
Compiled bootstrap_and_overrides.css  (133ms)  (pid 26178)
Compiled pages.css  (8ms)  (pid 26178)
Compiled scaffolds.css  (1ms)  (pid 26178)
Compiled application.css  (160ms)  (pid 26178)
Compiled ace/ace.js  (3ms)  (pid 26178)
Compiled ace/mode-markdown.js  (1ms)  (pid 26178)
Compiled ace/theme-dawn.js  (0ms)  (pid 26178)
Compiled ace/theme-textmate.js  (0ms)  (pid 26178)
Compiled ace/worker-javascript.js  (1ms)  (pid 26178)
Compiled aced-rails.js  (131ms)  (pid 26178)
